1608601992
1608603266
1608605153
1608606710
1608607800
1608608823
1608609434
1608611201
1608612380
1608613312
1608614641
1608615746
1608616587
1608618701
1608620211
1608622165
1608623535
1608624437
1608628830
1608631989
1608634322
1608635560
1608637337
1608638488
1608640756
1608642104
1608643978
1608645068
1608645706
1608647786
1608649387
1608651452
1608652472
1608654021
1608655794
1608656866
1608658816
1608660068
1608662151
1608663408
1608665306
1608666385
1608667315
1608669461
1608671288
1608673238
1608674061
1608675454
1608676957
1608677754
1608679564
1608681255
1608683231
1608686450
1608688856
1608691041
1608692684
1608694326
1608695407
1608696080
1608697936
1608699033
1608699687
1608701374
1608702753
1608703651
1608705704
1608707036
1608708951
1608710359
1608714831
1608718403
1608720737
1608721903
1608723861
1608725016
1608727379
1608728704
1608730637
1608731678
1608733212
1608735051
1608736297
1608738381
1608739247
1608741554
1608742918
1608744978
1608746452
1608748588
1608749885
1608751811
1608752881
1608753646
1608756051
1608757811
1608759805
1608760576
1608762613
1608763794
1608764501
1608766602
1608768121
1608771444
1608774793
1608776653
1608778937
1608780952
1608782054
1608783309
1608784882
1608785740
1608787357
1608788556
1608789575
1608791815
1608793377
1608795367
1608796853
1608801535
1608805142
1608807408
1608809747
1608811336
1608813721
1608815135
1608817181
1608818191
1608820371
1608822081
1608824296
1608825414
1608827691
1608829176
1608831320
1608832850
1608835003
1608836337
1608838256
1608839342
1608840057
1608842512
1608844282
1608846289
1608847076
1608849147
1608850285
1608850940
1608853041
1608854581
1608857974
1608861387
1608864151
1608865918
1608867714
1608868646
1608870544
1608871792
1608872461
1608874164
1608875601
1608876703
1608878782
1608880007
1608881976
1608883299
1608887863
1608891374
1608893623
1608895071
1608896816
1608897884
1608900154
1608901505
1608903323
1608904444
1608905640
1608907548
1608908764
1608910796
1608911801
1608913957
1608915467
1608917503
1608919046
1608921121
1608922409
1608923420
1608924898
1608925815
1608926303
1608928666
1608930486
1608932325
1608933214
1608934179
1608935780
1608936746
1608937307
1608939209
1608940708
1608943725
1608946174
1608948602
1608950904
1608952311
1608953952
1608954933
1608956471
1608957606
1608958493
1608959722
1608961049
1608962163
1608964179
1608965870
1608967857
1608969382
1608973744
1608977569
1608979829
1608980886
1608982852
1608984151
1608986384
1608987850
1608989647
1608990810
1608991770
1608993731
1608995083
1608997103
1608998174
1609000231
1609001769
1609003778
1609005368
1609007406
1609008721
1609009383
1609011067
1609012112
1609012657
1609014984
1609016841
1609018636
1609019581
1609020331
1609021982
1609023025
1609023580
1609025418
1609026965
1609029721
1609032398
1609034911
1609037208
1609038669
1609040317
1609041314
1609042726
1609043963
1609044875
1609046007
1609047312
1609048464
1609049850
1609051795
1609052855
1609054804
1609056130
1609060856
1609064397
1609066512
1609068430
1609070178
1609072474
1609074111
1609076010
1609077204
1609078143
1609080135
1609081524
1609083581
1609084631
1609086750
1609088248
1609090286
1609091862
1609093929
1609095244
1609096425
1609097825
1609098730
1609099214
1609101489
1609103310
1609105143
1609106038
1609107130
1609108636
1609109588
1609110350
1609112117
1609113538
1609116607
1609119068
1609121505
1609123871
1609125215
1609126876
1609127796
1609129543
1609130798
1609131464
1609133070
1609134261
1609135150
1609137263
1609138888
1609140813
1609142355
1609147036
1609121965
1609124133
1609126207
1609127946
1609130315
1609131896
1609133868
1609134976
1609137040
1609138856
1609141002
1609142225
1609144407
1609145911
1609148021
1609149621
1609151729
1609153090
1609154948
1609156116
1609156735
1609159123
1609161011
1609162970
1609163810
1609165763
1609167007
1609167600
1609169552
1609171145
1609174409
1609177039
1609179424
1609182049
1609184208
1609185418
1609187237
1609188560
1609189184
1609190861
1609192337
1609193040
1609195140
1609196785
1609198893
1609200273
1609205140
1609208719
1609210979
1609213135
1609214740
1609217275
1609218698
1609220737
1609221671
1609223774
1609225546
1609227750
1609228801
1609231162
1609232693
1609234797
1609236254
1609238402
1609239746
1609241614
1609242741
1609243364
1609245786
1609247639
1609249615
1609250499
1609252482
1609253632
1609254720
1609256609
1609258045
1609261695
1609265440
1609268373
1609270888
1609272092
1609273987
1609275265
1609276467
1609278002
1609279236
1609281479
1609283249
1609285457
1609286780
1609291869
1609295351
1609297621
1609299737
1609301186
1609303731
1609305131
1609307148
1609308100
1609310190
1609311999
1609314231
1609315279
1609317585
1609319106
1609321223
1609322705
1609324859
1609326214
1609328074
1609329218
1609330389
1609332835
1609334726
1609336428
1609337577
1609339261
1609340254
1609342215
1609344010
1609347458
1609351275
1609354208
1609356212
1609358177
1609360233
1609361630
1609362757
1609364297
1609365637
1609367842
1609369660
1609371856
1609373296
1609378584
1609381964
1609384165
1609386399
1609387895
1609390526
1609392808
1609394369
1609396634
1609398478
1609400828
1609401928
1609404430
1609405868
1609408210
1609409537
1609411764
1609413022
1609415020
1609415966
1609418580
1609420603
1609422682
1609423630
1609425647
1609426734
1609428854
1609430578
1609434308
1609438250
1609440994
1609443576
1609444912
1609446753
1609448112
1609449485
1609450816
1609452048
1609454245
1609456084
1609458303
1609459623
1609465037
1609468524
1609470625
1609472893
1609474215
1609476899
1609478968
1609480657
1609482849
1609484703
1609486936
1609488055
1609490477
1609492061
1609494300
1609495681
1609497897
1609499202
1609501113
1609502211
1609504688
1609506796
1609508801
1609509719
1609511722
1609512952
1609514690
1609516388
1609517912
1609521951
1609524923
1609527797
1609530129
1609531339
1609533197
1609534570
1609536248
1609537549
1609538591
1609540797
1609542595
1609544847
1609546074
1609551324
1609554744
1609556950
1609559149
1609560585
1609563216
1609564932
1609566676
1609567507
1609569728
1609571429
1609573705
1609574630
1609576956
1609578429
1609580604
1609582032
1609584188
1609585517
1609587405
1609588545
1609590712
1609592895
1609594904
1609595881
1609597946
1609599143
1609599756
1609601704
1609603371
1609606904
1609610466
1609613292
1609615225
1609617094
1609617946
1609619761
1609621055
1609622742
1609624229
1609625048
1609627209
1609628995
1609631230
1609632468
1609638005
1609641450
1609643555
1609645883
1609647159
1609649777
1609652209
1609653582
1609655776
1609657725
1609660036
1609661035
1609663467
1609664964
1609667240
1609668556
1609670803
1609672070
1609673995
1609675064
1609677507
1609679608
1609681579
1609682484
1609684450
1609685702
1609687139
1609688797
1609690115
1609693881
1609697525
1609700293
1609702802
1609704143
1609706003
1609707388
1609709073
1609710454
1609711444
1609713632
1609715464
1609717834
1609719004
1609724578
1609727971
1609730110
1609732592
1609735455
1609737214
1609739390
1609740322
1609742657
1609744339
1609746798
1609748156
1609750628
1609753172
1609754930
1609757223
1609758535
1609760592
1609761605
1609764157
1609766244
1609768296
1609769139
1609771198
1609772359
1609774391
1609776190
1609779962
1609783869
1609786499
1609788762
1609790437
1609792392
1609793795
1609795538
1609797087
1609797916
1609800173
1609801954
1609804264
1609805439
1609811004
1609814421
1609816523
1609819122
1609822074
1609823731
1609825975
1609827075
1609829461
1609831031
1609833266
1609835133
1609837469
1609839871
1609841486
1609843859
1609845059
1609847203
1609848096
1609850646
1609852727
1609854763
1609855776
1609857974
1609858852
1609860939
1609862751
1609866887
1609870659
1609873239
1609875605
1609877046
1609879063
1609880393
1609882165
1609883848
1609886165
1609888199
1609890515
1609891811
1609897365
1609900850
1609902974
1609905644
1609908601
1609910252
1609912567
1609914951
1609917063
1609919513
1609920529
1609923144
1609924545
1609927020
1609929739
1609931298
1609933401
1609934423
1609937020
1609939136
1609941204
1609942458
1609944411
1609945321
1609947360
1609949194
1609953157
1609957053
1609959651
1609962022
1609963453
1609965511
1609966782
1609968576
1609970279
1609972647
1609974765
1609977094
1609978457
1609984279
1609987500
1609989694
1609992232
1609995249
1609997459
1609999542
1610002007
1610003688
1610006154
1610008593
1610010646
1610013057
1610014512
1610016878
1610018829
1610020567
1610023081
1610025366
1610027539
1610028442
1610030541
1610031622
1610033713
1610035555
1610039557
1610043509
1610046103
1610048234
1610049675
1610051644
1610053108
1610054752
1610056347
1610057276
1610059664
1610061352
1610063741
1610068451
1610073266
1610075831
1610078478
1610081539
1610083341
1610085632
1610088110
1610090087
1610092576
1610095222
1610097197
1610099624
1610101596
1610103866
1610106143
1610107263
1610109952
1610112074
1610114207
1610116587
1610117914
1610120025
1610121892
1610125976
1610129838
1610132334
1610134691
1610136089
1610138116
1610139587
1610141441
1610143203
1610145632
1610147577
1610150022
1610152792
1610158128
1610161660
1610164498
1610167216
1610169640
1610172032
1610174597
1610176529
1610179046
1610181726
1610183627
1610186104
1610188504
1610190541
1610192720
1610193710
1610196349
1610198476
1610200587
1610202933
1610204266
1610206309
1610208216
1610212334
1610216371
1610218957
1610221417
1610222875
1610225054
1610226157
1610227961
1610229674
1610232090
1610234052
1610236542
1610241589
1610246460
1610249109
1610251886
1610255074
1610257890
1610259286
1610261954
1610264844
1610266329
1610269057
1610271879
1610273747
1610276222
1610278813
1610280097
1610282757
1610284918
1610287093
1610289512
1610290827
1610292995
1610294921
1610299230
1610302987
1610305602
1610308010
1610309380
1610311527
1610312579
1610314341
1610316068
1610318441
1610320425
1610322879
1610326687
1610332520
1610335416
1610338000
1610341260
1610344259
1610345707
1610348472
1610351438
1610352855
1610355892
1610358792
1610360904
1610363522
1610365922
1610366930
1610370174
1610373218
1610374885
1610376816
1610378069
1610379977
1610381492
1610386108
1610389663
1610392740
1610394991
1610397345
1610398918
1610400849
1610402584
1610405098
1610407017
1610409654
1610415456
1610419833
1610422259
1610425024
1610428217
1610431202
1610434065
1610436140
1610438690
1610441690
1610444269
1610446758
1610449441
1610452100
1610453373
1610456701
1610459820
1610462531
1610463932
1610466347
1610468035
1610472974
1610476362
1610479590
1610482208
1610484667
1610485946
1610487985
1610489521
1610492505
1610495711
1610500560
1610506039
1610509024
1610511685
1610514873
1610518078
1610521182
1610524613
1610528220
1610531594
